Using pre-set license
Built from '2020.3/staging' branch; Version is '2020.3.41f1 (7c19dc9acfda) revision 8133084'; Using compiler version '192528614'; Build Type 'Release'
OS: 'Windows 10  (10.0.19045) 64bit Professional' Language: 'hu' Physical Memory: 8077 MB
BatchMode: 1, IsHumanControllingUs: 0, StartBugReporterOnCrash: 0, Is64bit: 1, IsPro: 0

COMMAND LINE ARGUMENTS:
D:\UnityHub\2020.3.41f1\Editor\Unity.exe
-adb2
-batchMode
-noUpm
-name
AssetImportWorker0
-projectPath
D:/GalaxyDungeon
-logFile
Logs/AssetImportWorker0.log
-srvPort
58238
Successfully changed project path to: D:/GalaxyDungeon
D:/GalaxyDungeon
Using Asset Import Pipeline V2.
Refreshing native plugins compatible for Editor in 98.04 ms, found 3 plugins.
Preloading 0 native plugins for Editor in 0.00 ms.
Initialize engine version: 2020.3.41f1 (7c19dc9acfda)
[Subsystems] Discovering subsystems at path D:/UnityHub/2020.3.41f1/Editor/Data/Resources/UnitySubsystems
[Subsystems] Discovering subsystems at path D:/GalaxyDungeon/Assets
GfxDevice: creating device client; threaded=0
Direct3D:
    Version:  Direct3D 11.0 [level 11.1]
    Renderer: NVIDIA GeForce GTX 1050 (ID=0x1c8d)
    Vendor:   
    VRAM:     4020 MB
    Driver:   31.0.15.3640
Initialize mono
Mono path[0] = 'D:/UnityHub/2020.3.41f1/Editor/Data/Managed'
Mono path[1] = 'D:/UnityHub/2020.3.41f1/Editor/Data/MonoBleedingEdge/lib/mono/unityjit'
Mono config path = 'D:/UnityHub/2020.3.41f1/Editor/Data/MonoBleedingEdge/etc'
Using monoOptions --debugger-agent=transport=dt_socket,embedding=1,server=y,suspend=n,address=127.0.0.1:56476
Begin MonoManager ReloadAssembly
Registering precompiled unity dll's ...
Register platform support module: D:/UnityHub/2020.3.41f1/Editor/Data/PlaybackEngines/WindowsStandaloneSupport/UnityEditor.WindowsStandalone.Extensions.dll
Registered in 0.001487 seconds.
Native extension for WindowsStandalone target not found
Refreshing native plugins compatible for Editor in 95.82 ms, found 3 plugins.
Preloading 0 native plugins for Editor in 0.00 ms.
Mono: successfully reloaded assembly
- Completed reload, in  0.818 seconds
Domain Reload Profiling:
	ReloadAssembly (819ms)
		BeginReloadAssembly (102ms)
			ExecutionOrderSort (0ms)
			DisableScriptedObjects (0ms)
			BackupInstance (0ms)
			ReleaseScriptingObjects (0ms)
			CreateAndSetChildDomain (1ms)
		EndReloadAssembly (628ms)
			LoadAssemblies (104ms)
			RebuildTransferFunctionScriptingTraits (0ms)
			SetupTypeCache (194ms)
			ReleaseScriptCaches (0ms)
			RebuildScriptCaches (43ms)
			SetupLoadedEditorAssemblies (256ms)
				LogAssemblyErrors (0ms)
				InitializePlatformSupportModulesInManaged (5ms)
				SetLoadedEditorAssemblies (0ms)
				RefreshPlugins (96ms)
				BeforeProcessingInitializeOnLoad (20ms)
				ProcessInitializeOnLoadAttributes (101ms)
				ProcessInitializeOnLoadMethodAttributes (33ms)
				AfterProcessingInitializeOnLoad (0ms)
				EditorAssembliesLoaded (0ms)
			ExecutionOrderSort2 (0ms)
			AwakeInstancesAfterBackupRestoration (0ms)
Platform modules already initialized, skipping
Registering precompiled user dll's ...
Registered in 0.005230 seconds.
Begin MonoManager ReloadAssembly
Native extension for WindowsStandalone target not found
Refreshing native plugins compatible for Editor in 97.94 ms, found 3 plugins.
Preloading 0 native plugins for Editor in 0.00 ms.
Mono: successfully reloaded assembly
- Completed reload, in  1.554 seconds
Domain Reload Profiling:
	ReloadAssembly (1555ms)
		BeginReloadAssembly (203ms)
			ExecutionOrderSort (0ms)
			DisableScriptedObjects (5ms)
			BackupInstance (0ms)
			ReleaseScriptingObjects (0ms)
			CreateAndSetChildDomain (22ms)
		EndReloadAssembly (1285ms)
			LoadAssemblies (172ms)
			RebuildTransferFunctionScriptingTraits (0ms)
			SetupTypeCache (440ms)
			ReleaseScriptCaches (1ms)
			RebuildScriptCaches (72ms)
			SetupLoadedEditorAssemblies (501ms)
				LogAssemblyErrors (0ms)
				InitializePlatformSupportModulesInManaged (3ms)
				SetLoadedEditorAssemblies (0ms)
				RefreshPlugins (98ms)
				BeforeProcessingInitializeOnLoad (128ms)
				ProcessInitializeOnLoadAttributes (240ms)
				ProcessInitializeOnLoadMethodAttributes (27ms)
				AfterProcessingInitializeOnLoad (3ms)
				EditorAssembliesLoaded (0ms)
			ExecutionOrderSort2 (0ms)
			AwakeInstancesAfterBackupRestoration (2ms)
Platform modules already initialized, skipping
========================================================================
Worker process is ready to serve import requests
Launched and connected shader compiler UnityShaderCompiler.exe after 0.05 seconds
Refreshing native plugins compatible for Editor in 0.90 ms, found 3 plugins.
Preloading 0 native plugins for Editor in 0.00 ms.
Unloading 3501 Unused Serialized files (Serialized files now loaded: 0)
System memory in use before: 151.3 MB.
System memory in use after: 151.4 MB.

Unloading 32 unused Assets to reduce memory usage. Loaded Objects now: 3932.
Total: 5.078300 ms (FindLiveObjects: 0.443200 ms CreateObjectMapping: 0.285000 ms MarkObjects: 4.147700 ms  DeleteObjects: 0.201300 ms)

AssetImportParameters requested are different than current active one (requested -> active):
  custom:framework-win-MediaFoundation: 216162199b28c13a410421893ffa2e32 -> 
  custom:video-decoder-ogg-theora: a1e56fd34408186e4bbccfd4996cb3dc -> 
  custom:container-muxer-webm: aa71ff27fc2769a1b78a27578f13a17b -> 
  custom:container-demuxer-webm: 4f35f7cbe854078d1ac9338744f61a02 -> 
  custom:container-demuxer-ogg: 62fdf1f143b41e24485cea50d1cbac27 -> 
  custom:video-encoder-webm-vp8: eb34c28f22e8b96e1ab97ce403110664 -> 
  custom:video-decoder-webm-vp8: 9c59270c3fd7afecdb556c50c9e8de78 -> 
  custom:audio-decoder-ogg-vorbis: bf7c407c2cedff20999df2af8eb42d56 -> 
  custom:audio-encoder-webm-vorbis: bf7c407c2cedff20999df2af8eb42d56 -> 
========================================================================
Received Import Request.
  path: Assets/Scenes/DEMOScene/LightingData.asset
  artifactKey: Guid(670b1425255c2094bae49db5040125a5) Importer(815301076,1909f56bfc062723c751e8b465ee728b)
Start importing Assets/Scenes/DEMOScene/LightingData.asset using Guid(670b1425255c2094bae49db5040125a5) Importer(815301076,1909f56bfc062723c751e8b465ee728b)  -> (artifact id: '31bd2b982f9b8eac5894b96ad8547c74') in 0.111196 seconds 
========================================================================
Received Import Request.
  Time since last request: 0.000252 seconds.
  path: Assets/Scenes/DEMOScene/ReflectionProbe-0.exr
  artifactKey: Guid(e8b866e7ea7a1e04497642c14fcbc52e) Importer(815301076,1909f56bfc062723c751e8b465ee728b)
Start importing Assets/Scenes/DEMOScene/ReflectionProbe-0.exr using Guid(e8b866e7ea7a1e04497642c14fcbc52e) Importer(815301076,1909f56bfc062723c751e8b465ee728b)  -> (artifact id: '88b3e9cc70217128b293fe70f56ed0db') in 0.258169 seconds 
========================================================================
Received Import Request.
  Time since last request: 75.718276 seconds.
  path: Assets/Scripts/Levels/COOP/Hard/CoopLevel1Hard.unity
  artifactKey: Guid(6d5f2b7d5628d824280cb7646d0aa0bb) Importer(815301076,1909f56bfc062723c751e8b465ee728b)
Start importing Assets/Scripts/Levels/COOP/Hard/CoopLevel1Hard.unity using Guid(6d5f2b7d5628d824280cb7646d0aa0bb) Importer(815301076,1909f56bfc062723c751e8b465ee728b)  -> (artifact id: 'e4ffa8ca8bb9b7e0de13fb7768c85045') in 0.021284 seconds 
========================================================================
Received Import Request.
  Time since last request: 0.341851 seconds.
  path: Assets/Scripts/Levels/COOP/Hard/CoopLevel2Hard.unity
  artifactKey: Guid(c85d5858e6ed8a24aa71d206ad30a4c4) Importer(815301076,1909f56bfc062723c751e8b465ee728b)
Start importing Assets/Scripts/Levels/COOP/Hard/CoopLevel2Hard.unity using Guid(c85d5858e6ed8a24aa71d206ad30a4c4) Importer(815301076,1909f56bfc062723c751e8b465ee728b)  -> (artifact id: 'aeb44dfc65f04a7c76105a15911e8064') in 0.020012 seconds 
========================================================================
Received Import Request.
  Time since last request: 11.741166 seconds.
  path: Assets/Scripts/Levels/COOP/Normal/CoopLevel1.unity
  artifactKey: Guid(8a105d4be83ab284a97f57a4b2ec4dac) Importer(815301076,1909f56bfc062723c751e8b465ee728b)
Start importing Assets/Scripts/Levels/COOP/Normal/CoopLevel1.unity using Guid(8a105d4be83ab284a97f57a4b2ec4dac) Importer(815301076,1909f56bfc062723c751e8b465ee728b)  -> (artifact id: '06d4f30f46600782d101f67418454e4c') in 0.022464 seconds 
========================================================================
Received Import Request.
  Time since last request: 16.644743 seconds.
  path: Assets/Scripts/Levels/EnemyPrefabs/Coop/Easy/BossHealth1 1.prefab
  artifactKey: Guid(7fc3f5566159f98428c10e32a4d61d29) Importer(815301076,1909f56bfc062723c751e8b465ee728b)
Start importing Assets/Scripts/Levels/EnemyPrefabs/Coop/Easy/BossHealth1 1.prefab using Guid(7fc3f5566159f98428c10e32a4d61d29) Importer(815301076,1909f56bfc062723c751e8b465ee728b)  -> (artifact id: 'aa779200607502d9b81039d052cc4c3a') in 1.009345 seconds 
========================================================================
Received Import Request.
  Time since last request: 0.000278 seconds.
  path: Assets/Scripts/Levels/EnemyPrefabs/Coop/Easy/BossHealth3.prefab
  artifactKey: Guid(e5c0766e18f229b42b2e40f60a19c2c7) Importer(815301076,1909f56bfc062723c751e8b465ee728b)
Start importing Assets/Scripts/Levels/EnemyPrefabs/Coop/Easy/BossHealth3.prefab using Guid(e5c0766e18f229b42b2e40f60a19c2c7) Importer(815301076,1909f56bfc062723c751e8b465ee728b)  -> (artifact id: '46429589a2c425189a1d6cf446918486') in 0.118702 seconds 
========================================================================
Received Import Request.
  Time since last request: 0.000542 seconds.
  path: Assets/Scripts/Levels/EnemyPrefabs/Coop/Easy/SuperBossHealth1.prefab
  artifactKey: Guid(924364dd967dae9468ca998aecba7fb9) Importer(815301076,1909f56bfc062723c751e8b465ee728b)
Start importing Assets/Scripts/Levels/EnemyPrefabs/Coop/Easy/SuperBossHealth1.prefab using Guid(924364dd967dae9468ca998aecba7fb9) Importer(815301076,1909f56bfc062723c751e8b465ee728b)  -> (artifact id: '13fc3a839bc542cc66efef38d5fc24b6') in 0.092056 seconds 
========================================================================
Received Import Request.
  Time since last request: 0.000292 seconds.
  path: Assets/Scripts/Levels/EnemyPrefabs/Coop/Easy/SuperBossHealth3.prefab
  artifactKey: Guid(ea46322d77092ab4c95a4f4a2086032e) Importer(815301076,1909f56bfc062723c751e8b465ee728b)
Start importing Assets/Scripts/Levels/EnemyPrefabs/Coop/Easy/SuperBossHealth3.prefab using Guid(ea46322d77092ab4c95a4f4a2086032e) Importer(815301076,1909f56bfc062723c751e8b465ee728b)  -> (artifact id: 'ceac0745aeb2dd98846a033693426dec') in 0.099021 seconds 
========================================================================
Received Import Request.
  Time since last request: 0.000302 seconds.
  path: Assets/Scripts/Levels/EnemyPrefabs/Coop/Easy/SuperBossHealth2 1.prefab
  artifactKey: Guid(b51dbf293d44c7d44b1015bc0de07820) Importer(815301076,1909f56bfc062723c751e8b465ee728b)
Start importing Assets/Scripts/Levels/EnemyPrefabs/Coop/Easy/SuperBossHealth2 1.prefab using Guid(b51dbf293d44c7d44b1015bc0de07820) Importer(815301076,1909f56bfc062723c751e8b465ee728b)  -> (artifact id: '18208dbde2eb4d87b7bee433237e5511') in 0.111312 seconds 
========================================================================
Received Import Request.
  Time since last request: 0.000294 seconds.
  path: Assets/Scripts/Levels/EnemyPrefabs/Coop/Easy/EnemyMobHealth.prefab
  artifactKey: Guid(bbf98530ba838e143a7f8796129264fa) Importer(815301076,1909f56bfc062723c751e8b465ee728b)
Start importing Assets/Scripts/Levels/EnemyPrefabs/Coop/Easy/EnemyMobHealth.prefab using Guid(bbf98530ba838e143a7f8796129264fa) Importer(815301076,1909f56bfc062723c751e8b465ee728b)  -> (artifact id: '17717b33bf674ca1b716474a92720354') in 0.067956 seconds 
========================================================================
Received Import Request.
  Time since last request: 0.000373 seconds.
  path: Assets/Scripts/Levels/EnemyPrefabs/Coop/Easy/BossHealth2 1.prefab
  artifactKey: Guid(1cbf17a4940fe70439b96fb24c1954dc) Importer(815301076,1909f56bfc062723c751e8b465ee728b)
Start importing Assets/Scripts/Levels/EnemyPrefabs/Coop/Easy/BossHealth2 1.prefab using Guid(1cbf17a4940fe70439b96fb24c1954dc) Importer(815301076,1909f56bfc062723c751e8b465ee728b)  -> (artifact id: 'dc771b1159d0981f7bbf6aa6ab5cc794') in 0.085379 seconds 
========================================================================
Received Import Request.
  Time since last request: 5.331752 seconds.
  path: Assets/Scripts/Levels/SINGLE/Easy/Level1Easy.unity
  artifactKey: Guid(85ecac36b676efc429de870965b6489f) Importer(815301076,1909f56bfc062723c751e8b465ee728b)
Start importing Assets/Scripts/Levels/SINGLE/Easy/Level1Easy.unity using Guid(85ecac36b676efc429de870965b6489f) Importer(815301076,1909f56bfc062723c751e8b465ee728b)  -> (artifact id: '71627310af0dc27837f8497e0a02fdf2') in 0.022355 seconds 
========================================================================
Received Import Request.
  Time since last request: 71.446901 seconds.
  path: Assets/Scripts/Levels/SINGLEDEMO.unity
  artifactKey: Guid(f5609a3ce76313244b623e73748b2407) Importer(815301076,1909f56bfc062723c751e8b465ee728b)
Start importing Assets/Scripts/Levels/SINGLEDEMO.unity using Guid(f5609a3ce76313244b623e73748b2407) Importer(815301076,1909f56bfc062723c751e8b465ee728b)  -> (artifact id: '56c5bb97dd476af2443eac0c5a8db2d0') in 0.022193 seconds 
========================================================================
Received Import Request.
  Time since last request: 7.061945 seconds.
  path: Assets/Scripts/Levels/End.unity
  artifactKey: Guid(4ab243f32e0351745ab63f2204fea19f) Importer(815301076,1909f56bfc062723c751e8b465ee728b)
Start importing Assets/Scripts/Levels/End.unity using Guid(4ab243f32e0351745ab63f2204fea19f) Importer(815301076,1909f56bfc062723c751e8b465ee728b)  -> (artifact id: '48aebc25be5b47ae702dd3f3a7b13dcc') in 0.022195 seconds 
========================================================================
Received Import Request.
  Time since last request: 21.466907 seconds.
  path: Assets/Scripts/Levels/SINGLE
  artifactKey: Guid(ba766667ddc8b5d4fa7f27f8a8b2d8d9) Importer(815301076,1909f56bfc062723c751e8b465ee728b)
Start importing Assets/Scripts/Levels/SINGLE using Guid(ba766667ddc8b5d4fa7f27f8a8b2d8d9) Importer(815301076,1909f56bfc062723c751e8b465ee728b)  -> (artifact id: '4cdf808e09951bae7112fe2ffe3bd54c') in 0.020089 seconds 
========================================================================
Received Prepare
Refreshing native plugins compatible for Editor in 4.81 ms, found 3 plugins.
Preloading 0 native plugins for Editor in 0.00 ms.
Unloading 19 Unused Serialized files (Serialized files now loaded: 0)
System memory in use before: 82.0 MB.
System memory in use after: 82.1 MB.

Unloading 19 unused Assets to reduce memory usage. Loaded Objects now: 4025.
Total: 7.110800 ms (FindLiveObjects: 0.345100 ms CreateObjectMapping: 0.234500 ms MarkObjects: 6.331900 ms  DeleteObjects: 0.197100 ms)

AssetImportParameters requested are different than current active one (requested -> active):
  custom:framework-win-MediaFoundation: 216162199b28c13a410421893ffa2e32 -> 
  custom:video-decoder-ogg-theora: a1e56fd34408186e4bbccfd4996cb3dc -> 
  custom:container-muxer-webm: aa71ff27fc2769a1b78a27578f13a17b -> 
  custom:container-demuxer-webm: 4f35f7cbe854078d1ac9338744f61a02 -> 
  custom:container-demuxer-ogg: 62fdf1f143b41e24485cea50d1cbac27 -> 
  custom:video-encoder-webm-vp8: eb34c28f22e8b96e1ab97ce403110664 -> 
  custom:video-decoder-webm-vp8: 9c59270c3fd7afecdb556c50c9e8de78 -> 
  custom:audio-decoder-ogg-vorbis: bf7c407c2cedff20999df2af8eb42d56 -> 
  custom:audio-encoder-webm-vorbis: bf7c407c2cedff20999df2af8eb42d56 -> 
AssetImportWorkerClient::OnTransportError - code=2 error=End of file
